<?xml version="1.0" encoding="UTF-8"?>
<!-- Generated by org.testng.reporters.JUnitReportReporter -->
<testsuite hostname="DESKTOP-17IM77O" failures="0" tests="1" name="com.inetBanking.testCases.TC_AddCustomer_003" time="10.436" errors="0" timestamp="2022-02-09T10:51:40 CET" skipped="0">
  <testcase classname="com.inetBanking.testCases.TC_AddCustomer_003" name="addNewCustomer" time="10.436"/>
  <system-out/>
</testsuite> <!-- com.inetBanking.testCases.TC_AddCustomer_003 -->
